2026-03-24 01:11:11 - INFO - 当前服务器配置为：交易时间段服务器重启后，执行拉起本交易操作
2026-03-24 01:11:11 - WARNING - 交易不支持set_commission函数
2026-03-24 01:11:11 - WARNING - 交易不支持set_slippage函数
2026-03-24 01:11:13 - INFO - [盘前] 策略启动，清理缓存完毕
2026-03-24 09:30:00 - INFO - [09:30] 档位检查开始
2026-03-24 09:30:00 - INFO - [档位变更] 初始化 -> micro | 总资产:2000 | 最大持仓:3
2026-03-24 09:35:00 - INFO - [09:35] 交易逻辑开始
2026-03-24 09:35:00 - INFO - [09:35] 止损检查完毕，无触发
2026-03-24 09:35:00 - INFO - [09:35] 轮动日到达，开始计算动量排名
2026-03-24 09:35:00 - INFO - [09:35] 动量筛选完毕：1/12只ETF通过过滤
2026-03-24 09:35:00 - INFO -   159985.SZ 混合=1.000 动量=0.346 R²=0.732 ROC20=11.4%
2026-03-24 09:35:00 - INFO - [国债填空] 候选1只不足3，国债补位
2026-03-24 09:35:00 - INFO - [09:35] 目标持仓：159985.SZ, 511010.SS
2026-03-24 09:35:00 - INFO - [轮动买入] 159985.SZ 混合=1.000 动量=0.346 R²=0.732 ROC20=11.4% ROC60=14.8% 波动率=33.1% 100股 @2.258
2026-03-24 09:35:00 - INFO - 生成订单，订单号：f0e3669b5ce940a48f4aeeecd9db81e5 股票代码：159985.XSHE 数量：买入100
2026-03-24 09:35:00 - INFO - [成交确认] 买入 159985.SZ 100股 @2.257 ATR=0.1133
2026-03-24 15:00:00 - INFO - [15:00] 更新最高价
2026-03-24 15:30:00 - INFO - ============================================================
2026-03-24 15:30:00 - INFO - [micro] 总值:1998.26 现金:774.06 持仓:1/3
2026-03-24 15:30:00 - INFO -   159985.SZ 成本:2.263 现价:2.230 高:2.257 盈亏:-1.4%
2026-03-24 15:30:00 - INFO - ============================================================